<?xml version="1.0" encoding="UTF-8"?>
<testsuite name="br.com.codenation.calculadora.CalculadoraSalarioSubmitTest" tests="13" skipped="0" failures="0" errors="0" timestamp="2020-01-17T18:30:21" hostname="IP392-RELENTINO" time="0.006">
  <properties/>
  <testcase name="salarioBruto50000Liquido" classname="br.com.codenation.calculadora.CalculadoraSalarioSubmitTest" time="0.003"/>
  <testcase name="salarioBruto4000e1Liquido" classname="br.com.codenation.calculadora.CalculadoraSalarioSubmitTest" time="0.0"/>
  <testcase name="salarioBruto1500Liquido1380" classname="br.com.codenation.calculadora.CalculadoraSalarioSubmitTest" time="0.0"/>
  <testcase name="salarioBruto1031e99Liquido0" classname="br.com.codenation.calculadora.CalculadoraSalarioSubmitTest" time="0.0"/>
  <testcase name="salarioBruto6750Liquido5106" classname="br.com.codenation.calculadora.CalculadoraSalarioSubmitTest" time="0.0"/>
  <testcase name="salarioBruto1000Liquido0" classname="br.com.codenation.calculadora.CalculadoraSalarioSubmitTest" time="0.0"/>
  <testcase name="salarioBruto6700Liquido" classname="br.com.codenation.calculadora.CalculadoraSalarioSubmitTest" time="0.0"/>
  <testcase name="salarioBruto6000Liquido4940" classname="br.com.codenation.calculadora.CalculadoraSalarioSubmitTest" time="0.0"/>
  <testcase name="salarioBruto1032Liquido949" classname="br.com.codenation.calculadora.CalculadoraSalarioSubmitTest" time="0.0"/>
  <testcase name="salarioBruto4000Liquido" classname="br.com.codenation.calculadora.CalculadoraSalarioSubmitTest" time="0.0"/>
  <testcase name="salarioBruto3290Liquido2994" classname="br.com.codenation.calculadora.CalculadoraSalarioSubmitTest" time="0.0"/>
  <testcase name="salarioBruto1500e1Liquido1365" classname="br.com.codenation.calculadora.CalculadoraSalarioSubmitTest" time="0.0"/>
  <testcase name="salarioBrutoNegativoLiquido0" classname="br.com.codenation.calculadora.CalculadoraSalarioSubmitTest" time="0.0"/>
  <system-out><![CDATA[O salário Liquido é: 37825
O salário Liquido é: 3293
O salário Liquido é: 1380
O salário Liquido é: 5106
O salário Liquido é: 5516
O salário Liquido é: 4940
O salário Liquido é: 949
O salário Liquido é: 2994
O salário Liquido é: 2994
O salário Liquido é: 1365
]]></system-out>
  <system-err><![CDATA[]]></system-err>
</testsuite>
